[debug] [2023-10-23T19:01:10.649Z] ----------------------------------------------------------------------
[debug] [2023-10-23T19:01:10.652Z] Command:       C:\Program Files\nodejs\node.exe C:\Program Files\nodejs\node_modules\firebase-tools\lib\bin\firebase.js init
[debug] [2023-10-23T19:01:10.652Z] CLI Version:   12.7.0
[debug] [2023-10-23T19:01:10.652Z] Platform:      win32
[debug] [2023-10-23T19:01:10.653Z] Node Version:  v18.18.2
[debug] [2023-10-23T19:01:10.653Z] Time:          Tue Oct 24 2023 00:31:10 GMT+0530 (India Standard Time)
[debug] [2023-10-23T19:01:10.653Z] ----------------------------------------------------------------------
[debug] 
[debug] [2023-10-23T19:01:10.657Z] >>> [apiv2][query] GET https://firebase-public.firebaseio.com/cli.json [none]
[debug] [2023-10-23T19:01:10.712Z] > command requires scopes: ["email","openid","https://www.googleapis.com/auth/cloudplatformprojects.readonly","https://www.googleapis.com/auth/firebase","https://www.googleapis.com/auth/cloud-platform"]
[debug] [2023-10-23T19:01:10.712Z] > authorizing via signed-in user (punyamsingh04@gmail.com)
[info] 
     ######## #### ########  ######## ########     ###     ######  ########
     ##        ##  ##     ## ##       ##     ##  ##   ##  ##       ##
     ######    ##  ########  ######   ########  #########  ######  ######
     ##        ##  ##    ##  ##       ##     ## ##     ##       ## ##
     ##       #### ##     ## ######## ########  ##     ##  ######  ########

You're about to initialize a Firebase project in this directory:

  D:\Coding\ASUR-SDL\ASUR-Attendance\asur-next

[debug] [2023-10-23T19:01:12.350Z] <<< [apiv2][status] GET https://firebase-public.firebaseio.com/cli.json 200
[debug] [2023-10-23T19:01:12.351Z] <<< [apiv2][body] GET https://firebase-public.firebaseio.com/cli.json {"cloudBuildErrorAfter":1594252800000,"cloudBuildWarnAfter":1590019200000,"defaultNode10After":1594252800000,"minVersion":"3.0.5","node8DeploysDisabledAfter":1613390400000,"node8RuntimeDisabledAfter":1615809600000,"node8WarnAfter":1600128000000}
[info] 
=== Project Setup
[info] 
[info] First, let's associate this project directory with a Firebase project.
[info] You can create multiple project aliases by running firebase use --add, 
[info] but for now we'll just set up a default project.
[info] 
[debug] [2023-10-23T19:01:58.917Z] > refreshing access token with scopes: []
[debug] [2023-10-23T19:01:58.918Z] >>> [apiv2][query] POST https://www.googleapis.com/oauth2/v3/token [none]
[debug] [2023-10-23T19:01:58.918Z] >>> [apiv2][body] POST https://www.googleapis.com/oauth2/v3/token [omitted]
[debug] [2023-10-23T19:01:59.236Z] <<< [apiv2][status] POST https://www.googleapis.com/oauth2/v3/token 200
[debug] [2023-10-23T19:01:59.237Z] <<< [apiv2][body] POST https://www.googleapis.com/oauth2/v3/token [omitted]
[debug] [2023-10-23T19:01:59.256Z] >>> [apiv2][query] GET https://firebase.googleapis.com/v1beta1/projects pageSize=100
[debug] [2023-10-23T19:02:00.280Z] <<< [apiv2][status] GET https://firebase.googleapis.com/v1beta1/projects 200
[debug] [2023-10-23T19:02:00.280Z] <<< [apiv2][body] GET https://firebase.googleapis.com/v1beta1/projects [omitted]
[debug] [2023-10-23T19:02:37.488Z] ----------------------------------------------------------------------
[debug] [2023-10-23T19:02:37.491Z] Command:       C:\Program Files\nodejs\node.exe C:\Program Files\nodejs\node_modules\firebase-tools\lib\bin\firebase.js init
[debug] [2023-10-23T19:02:37.492Z] CLI Version:   12.7.0
[debug] [2023-10-23T19:02:37.493Z] Platform:      win32
[debug] [2023-10-23T19:02:37.493Z] Node Version:  v18.18.2
[debug] [2023-10-23T19:02:37.494Z] Time:          Tue Oct 24 2023 00:32:37 GMT+0530 (India Standard Time)
[debug] [2023-10-23T19:02:37.494Z] ----------------------------------------------------------------------
[debug] 
[debug] [2023-10-23T19:02:37.504Z] > command requires scopes: ["email","openid","https://www.googleapis.com/auth/cloudplatformprojects.readonly","https://www.googleapis.com/auth/firebase","https://www.googleapis.com/auth/cloud-platform"]
[debug] [2023-10-23T19:02:37.505Z] > authorizing via signed-in user (punyamsingh04@gmail.com)
[info] 
     ######## #### ########  ######## ########     ###     ######  ########
     ##        ##  ##     ## ##       ##     ##  ##   ##  ##       ##
     ######    ##  ########  ######   ########  #########  ######  ######
     ##        ##  ##    ##  ##       ##     ## ##     ##       ## ##
     ##       #### ##     ## ######## ########  ##     ##  ######  ########

You're about to initialize a Firebase project in this directory:

  D:\Coding\ASUR-SDL\ASUR-Attendance\asur-next

[info] 
=== Project Setup
[info] 
[info] First, let's associate this project directory with a Firebase project.
[info] You can create multiple project aliases by running firebase use --add, 
[info] but for now we'll just set up a default project.
[info] 
[info] i  If you want to create a project in a Google Cloud organization or folder, please use "firebase projects:create" instead, and return to this command when you've created the project. 
[debug] [2023-10-23T19:03:08.680Z] >>> [apiv2][query] POST https://cloudresourcemanager.googleapis.com/v1/projects [none]
[debug] [2023-10-23T19:03:08.680Z] >>> [apiv2][body] POST https://cloudresourcemanager.googleapis.com/v1/projects {"projectId":"asurtest","name":"asurtest"}
[debug] [2023-10-23T19:03:10.869Z] <<< [apiv2][status] POST https://cloudresourcemanager.googleapis.com/v1/projects 409
[debug] [2023-10-23T19:03:10.869Z] <<< [apiv2][body] POST https://cloudresourcemanager.googleapis.com/v1/projects {"error":{"code":409,"message":"Requested entity already exists","status":"ALREADY_EXISTS"}}
[debug] [2023-10-23T19:03:11.047Z] FirebaseError: HTTP Error: 409, Requested entity already exists
    at responseToError (C:\Users\punya\AppData\Roaming\nvm\v18.18.2\node_modules\firebase-tools\lib\responseToError.js:49:12)
    at RetryOperation._fn (C:\Users\punya\AppData\Roaming\nvm\v18.18.2\node_modules\firebase-tools\lib\apiv2.js:285:77)
    at process.processTicksAndRejections (node:internal/process/task_queues:95:5)
[error] 
[error] Error: Failed to create project because there is already a project with ID asurtest. Please try again with a unique project ID.
